DEBUG   2018-09-07 14:53:44,459 [main] com.sarabjeet.task.Main  - Log4j Property file in use: /Users/java_developer/Documents/Delivery/TradingReport/resources/log4j.properties
DEBUG   2018-09-07 14:53:44,464 [main] com.sarabjeet.task.Main  - inputTransactionsFile: ./inputfile/Input.txt
DEBUG   2018-09-07 14:53:44,464 [main] com.sarabjeet.task.Main  - fileSpecificationConfig: ./resources/FileSpecification.config
DEBUG   2018-09-07 14:53:44,465 [main] com.sarabjeet.task.Main  - typeOfReport: T
DEBUG   2018-09-07 14:53:44,465 [main] com.sarabjeet.task.Main  - reportDestinationPath: ./reports/
DEBUG   2018-09-07 14:53:44,468 [main] com.sarabjeet.task.FileSpecification  - Initiate Load File Specification Configuration file.
DEBUG   2018-09-07 14:53:44,469 [main] com.sarabjeet.task.FileSpecification  - File Specification added: RECORD_CODE |  |  | 1 | 3
DEBUG   2018-09-07 14:53:44,471 [main] com.sarabjeet.task.FileSpecification  - File Specification added: CLIENT_INFORMATION |  |  | 4 | 19
DEBUG   2018-09-07 14:53:44,472 [main] com.sarabjeet.task.FileSpecification  - File Specification added: CLIENT_TYPE |  |  | 4 | 7
DEBUG   2018-09-07 14:53:44,472 [main] com.sarabjeet.task.FileSpecification  - File Specification added: CLIENT_NUMBER | 0 |  | 8 | 11
DEBUG   2018-09-07 14:53:44,473 [main] com.sarabjeet.task.FileSpecification  - File Specification added: ACCOUNT_NUMBER | 0 |  | 12 | 15
DEBUG   2018-09-07 14:53:44,473 [main] com.sarabjeet.task.FileSpecification  - File Specification added: SUBACCOUNT_NUMBER | 0 |  | 16 | 19
DEBUG   2018-09-07 14:53:44,473 [main] com.sarabjeet.task.FileSpecification  - File Specification added: OPPOSITE_PARTY_CODE |  |  | 20 | 25
DEBUG   2018-09-07 14:53:44,474 [main] com.sarabjeet.task.FileSpecification  - File Specification added: PRODUCT_INFORMATION |  |  | 26 | 45
DEBUG   2018-09-07 14:53:44,474 [main] com.sarabjeet.task.FileSpecification  - File Specification added: PRODUCT_GROUP_CODE |  |  | 26 | 27
DEBUG   2018-09-07 14:53:44,475 [main] com.sarabjeet.task.FileSpecification  - File Specification added: EXCHANGE_CODE |  |  | 28 | 31
DEBUG   2018-09-07 14:53:44,477 [main] com.sarabjeet.task.FileSpecification  - File Specification added: SYMBOL |  |  | 32 | 37
DEBUG   2018-09-07 14:53:44,477 [main] com.sarabjeet.task.FileSpecification  - File Specification added: EXPIRATION_DATE |  | Y | 38 | 45
DEBUG   2018-09-07 14:53:44,478 [main] com.sarabjeet.task.FileSpecification  - File Specification added: CURRENCY_CODE |  |  | 46 | 48
DEBUG   2018-09-07 14:53:44,478 [main] com.sarabjeet.task.FileSpecification  - File Specification added: MOVEMENT_CODE |  |  | 49 | 50
DEBUG   2018-09-07 14:53:44,478 [main] com.sarabjeet.task.FileSpecification  - File Specification added: BUY_SELL_CODE |  |  | 51 | 51
DEBUG   2018-09-07 14:53:44,479 [main] com.sarabjeet.task.FileSpecification  - File Specification added: QUANTTTY_LONG_SIGN |  |  | 52 | 52
DEBUG   2018-09-07 14:53:44,479 [main] com.sarabjeet.task.FileSpecification  - File Specification added: QUANTITY_LONG | 0 |  | 53 | 62
DEBUG   2018-09-07 14:53:44,480 [main] com.sarabjeet.task.FileSpecification  - File Specification added: QUANTITY_SHORT_SIGN |  |  | 63 | 63
DEBUG   2018-09-07 14:53:44,480 [main] com.sarabjeet.task.FileSpecification  - File Specification added: QUANTITY_SHORT | 0 |  | 64 | 73
DEBUG   2018-09-07 14:53:44,481 [main] com.sarabjeet.task.FileSpecification  - File Specification added: EXCH/BROKER_FEE_/_DEC | 2 |  | 74 | 85
DEBUG   2018-09-07 14:53:44,481 [main] com.sarabjeet.task.FileSpecification  - File Specification added: EXCH/BROKER_FEE_D_C |  |  | 86 | 86
DEBUG   2018-09-07 14:53:44,482 [main] com.sarabjeet.task.FileSpecification  - File Specification added: EXCH/BROKER_FEE_CUR_CODE |  |  | 87 | 89
DEBUG   2018-09-07 14:53:44,482 [main] com.sarabjeet.task.FileSpecification  - File Specification added: CLEARING_FEE_/_DEC | 2 |  | 90 | 101
DEBUG   2018-09-07 14:53:44,482 [main] com.sarabjeet.task.FileSpecification  - File Specification added: CLEARING_FEE_D_C |  |  | 102 | 102
DEBUG   2018-09-07 14:53:44,483 [main] com.sarabjeet.task.FileSpecification  - File Specification added: CLEARING_FEE_CUR_CODE |  |  | 103 | 105
DEBUG   2018-09-07 14:53:44,483 [main] com.sarabjeet.task.FileSpecification  - File Specification added: COMMISSION | 2 |  | 106 | 117
DEBUG   2018-09-07 14:53:44,483 [main] com.sarabjeet.task.FileSpecification  - File Specification added: COMMISSION_D_C |  |  | 118 | 118
DEBUG   2018-09-07 14:53:44,484 [main] com.sarabjeet.task.FileSpecification  - File Specification added: COMMISSION_CUR_CODE |  |  | 119 | 121
DEBUG   2018-09-07 14:53:44,484 [main] com.sarabjeet.task.FileSpecification  - File Specification added: TRANSACTION_DATE |  | Y | 122 | 129
DEBUG   2018-09-07 14:53:44,484 [main] com.sarabjeet.task.FileSpecification  - File Specification added: FUTURE_REFERENCE | 0 |  | 130 | 135
DEBUG   2018-09-07 14:53:44,485 [main] com.sarabjeet.task.FileSpecification  - File Specification added: TICKET_NUMBER |  |  | 136 | 141
DEBUG   2018-09-07 14:53:44,485 [main] com.sarabjeet.task.FileSpecification  - File Specification added: EXTERNAL_NUMBER | 0 |  | 142 | 147
DEBUG   2018-09-07 14:53:44,485 [main] com.sarabjeet.task.FileSpecification  - File Specification added: TRANSACTION_PRICE_/_DEC | 7 |  | 148 | 162
DEBUG   2018-09-07 14:53:44,485 [main] com.sarabjeet.task.FileSpecification  - File Specification added: TRADER_INITIALS |  |  | 163 | 168
DEBUG   2018-09-07 14:53:44,486 [main] com.sarabjeet.task.FileSpecification  - File Specification added: OPPOSITE_TRADER_ID |  |  | 169 | 175
DEBUG   2018-09-07 14:53:44,486 [main] com.sarabjeet.task.FileSpecification  - File Specification added: OPEN_CLOSE_CODE |  |  | 176 | 176
DEBUG   2018-09-07 14:53:44,486 [main] com.sarabjeet.task.FileSpecification  - File Specification added: FILLER |  |  | 177 | 303
DEBUG   2018-09-07 14:53:44,487 [main] com.sarabjeet.task.FileSpecification  - File Specification Configuration file loaded successfully
DEBUG   2018-09-07 14:53:44,487 [main] com.sarabjeet.task.InputFile  - Initiate Load Daily Transactions File.
DEBUG   2018-09-07 14:53:44,532 [main] com.sarabjeet.task.InputFile  - Daily Transactions File loaded successfully: 717 rows loaded
DEBUG   2018-09-07 14:53:44,532 [main] com.sarabjeet.task.Report  - Initiate Total Amount Transactions Report generation.
DEBUG   2018-09-07 14:53:44,537 [main] com.sarabjeet.task.Report  - Calculated the distinct Product Names of all transactions.
DEBUG   2018-09-07 14:53:44,544 [main] com.sarabjeet.task.Report  - Total amount found for Product |FUSGX NK    20100910| is: 1906885.0000000
DEBUG   2018-09-07 14:53:44,548 [main] com.sarabjeet.task.Report  - Total amount found for Product |FUCME N1    20100910| is: 1979850.0000000
DEBUG   2018-09-07 14:53:44,554 [main] com.sarabjeet.task.Report  - Total amount found for Product |FUCME NK.   20100910| is: 2744325.0000000
DEBUG   2018-09-07 14:53:44,556 [main] com.sarabjeet.task.Report  - Initiate dumping of report data onto a physical file
DEBUG   2018-09-07 14:53:44,705 [main] com.sarabjeet.task.Report  - Report name: TransactionReportOutput_07Sep2018.csv
DEBUG   2018-09-07 14:53:55,430 [main] com.sarabjeet.task.Main  - Log4j Property file in use: /Users/java_developer/Documents/Delivery/TradingReport/resources/log4j.properties
DEBUG   2018-09-07 14:53:55,434 [main] com.sarabjeet.task.Main  - inputTransactionsFile: ./inputfile/Input.txt
DEBUG   2018-09-07 14:53:55,434 [main] com.sarabjeet.task.Main  - fileSpecificationConfig: ./resources/FileSpecification.config
DEBUG   2018-09-07 14:53:55,435 [main] com.sarabjeet.task.Main  - typeOfReport: S
DEBUG   2018-09-07 14:53:55,435 [main] com.sarabjeet.task.Main  - reportDestinationPath: ./reports/
DEBUG   2018-09-07 14:53:55,438 [main] com.sarabjeet.task.FileSpecification  - Initiate Load File Specification Configuration file.
DEBUG   2018-09-07 14:53:55,439 [main] com.sarabjeet.task.FileSpecification  - File Specification added: RECORD_CODE |  |  | 1 | 3
DEBUG   2018-09-07 14:53:55,442 [main] com.sarabjeet.task.FileSpecification  - File Specification added: CLIENT_INFORMATION |  |  | 4 | 19
DEBUG   2018-09-07 14:53:55,442 [main] com.sarabjeet.task.FileSpecification  - File Specification added: CLIENT_TYPE |  |  | 4 | 7
DEBUG   2018-09-07 14:53:55,443 [main] com.sarabjeet.task.FileSpecification  - File Specification added: CLIENT_NUMBER | 0 |  | 8 | 11
DEBUG   2018-09-07 14:53:55,443 [main] com.sarabjeet.task.FileSpecification  - File Specification added: ACCOUNT_NUMBER | 0 |  | 12 | 15
DEBUG   2018-09-07 14:53:55,444 [main] com.sarabjeet.task.FileSpecification  - File Specification added: SUBACCOUNT_NUMBER | 0 |  | 16 | 19
DEBUG   2018-09-07 14:53:55,444 [main] com.sarabjeet.task.FileSpecification  - File Specification added: OPPOSITE_PARTY_CODE |  |  | 20 | 25
DEBUG   2018-09-07 14:53:55,444 [main] com.sarabjeet.task.FileSpecification  - File Specification added: PRODUCT_INFORMATION |  |  | 26 | 45
DEBUG   2018-09-07 14:53:55,445 [main] com.sarabjeet.task.FileSpecification  - File Specification added: PRODUCT_GROUP_CODE |  |  | 26 | 27
DEBUG   2018-09-07 14:53:55,445 [main] com.sarabjeet.task.FileSpecification  - File Specification added: EXCHANGE_CODE |  |  | 28 | 31
DEBUG   2018-09-07 14:53:55,447 [main] com.sarabjeet.task.FileSpecification  - File Specification added: SYMBOL |  |  | 32 | 37
DEBUG   2018-09-07 14:53:55,449 [main] com.sarabjeet.task.FileSpecification  - File Specification added: EXPIRATION_DATE |  | Y | 38 | 45
DEBUG   2018-09-07 14:53:55,449 [main] com.sarabjeet.task.FileSpecification  - File Specification added: CURRENCY_CODE |  |  | 46 | 48
DEBUG   2018-09-07 14:53:55,450 [main] com.sarabjeet.task.FileSpecification  - File Specification added: MOVEMENT_CODE |  |  | 49 | 50
DEBUG   2018-09-07 14:53:55,450 [main] com.sarabjeet.task.FileSpecification  - File Specification added: BUY_SELL_CODE |  |  | 51 | 51
DEBUG   2018-09-07 14:53:55,450 [main] com.sarabjeet.task.FileSpecification  - File Specification added: QUANTTTY_LONG_SIGN |  |  | 52 | 52
DEBUG   2018-09-07 14:53:55,450 [main] com.sarabjeet.task.FileSpecification  - File Specification added: QUANTITY_LONG | 0 |  | 53 | 62
DEBUG   2018-09-07 14:53:55,451 [main] com.sarabjeet.task.FileSpecification  - File Specification added: QUANTITY_SHORT_SIGN |  |  | 63 | 63
DEBUG   2018-09-07 14:53:55,451 [main] com.sarabjeet.task.FileSpecification  - File Specification added: QUANTITY_SHORT | 0 |  | 64 | 73
DEBUG   2018-09-07 14:53:55,451 [main] com.sarabjeet.task.FileSpecification  - File Specification added: EXCH/BROKER_FEE_/_DEC | 2 |  | 74 | 85
DEBUG   2018-09-07 14:53:55,452 [main] com.sarabjeet.task.FileSpecification  - File Specification added: EXCH/BROKER_FEE_D_C |  |  | 86 | 86
DEBUG   2018-09-07 14:53:55,452 [main] com.sarabjeet.task.FileSpecification  - File Specification added: EXCH/BROKER_FEE_CUR_CODE |  |  | 87 | 89
DEBUG   2018-09-07 14:53:55,453 [main] com.sarabjeet.task.FileSpecification  - File Specification added: CLEARING_FEE_/_DEC | 2 |  | 90 | 101
DEBUG   2018-09-07 14:53:55,453 [main] com.sarabjeet.task.FileSpecification  - File Specification added: CLEARING_FEE_D_C |  |  | 102 | 102
DEBUG   2018-09-07 14:53:55,453 [main] com.sarabjeet.task.FileSpecification  - File Specification added: CLEARING_FEE_CUR_CODE |  |  | 103 | 105
DEBUG   2018-09-07 14:53:55,454 [main] com.sarabjeet.task.FileSpecification  - File Specification added: COMMISSION | 2 |  | 106 | 117
DEBUG   2018-09-07 14:53:55,454 [main] com.sarabjeet.task.FileSpecification  - File Specification added: COMMISSION_D_C |  |  | 118 | 118
DEBUG   2018-09-07 14:53:55,454 [main] com.sarabjeet.task.FileSpecification  - File Specification added: COMMISSION_CUR_CODE |  |  | 119 | 121
DEBUG   2018-09-07 14:53:55,455 [main] com.sarabjeet.task.FileSpecification  - File Specification added: TRANSACTION_DATE |  | Y | 122 | 129
DEBUG   2018-09-07 14:53:55,455 [main] com.sarabjeet.task.FileSpecification  - File Specification added: FUTURE_REFERENCE | 0 |  | 130 | 135
DEBUG   2018-09-07 14:53:55,455 [main] com.sarabjeet.task.FileSpecification  - File Specification added: TICKET_NUMBER |  |  | 136 | 141
DEBUG   2018-09-07 14:53:55,456 [main] com.sarabjeet.task.FileSpecification  - File Specification added: EXTERNAL_NUMBER | 0 |  | 142 | 147
DEBUG   2018-09-07 14:53:55,456 [main] com.sarabjeet.task.FileSpecification  - File Specification added: TRANSACTION_PRICE_/_DEC | 7 |  | 148 | 162
DEBUG   2018-09-07 14:53:55,456 [main] com.sarabjeet.task.FileSpecification  - File Specification added: TRADER_INITIALS |  |  | 163 | 168
DEBUG   2018-09-07 14:53:55,457 [main] com.sarabjeet.task.FileSpecification  - File Specification added: OPPOSITE_TRADER_ID |  |  | 169 | 175
DEBUG   2018-09-07 14:53:55,457 [main] com.sarabjeet.task.FileSpecification  - File Specification added: OPEN_CLOSE_CODE |  |  | 176 | 176
DEBUG   2018-09-07 14:53:55,457 [main] com.sarabjeet.task.FileSpecification  - File Specification added: FILLER |  |  | 177 | 303
DEBUG   2018-09-07 14:53:55,458 [main] com.sarabjeet.task.FileSpecification  - File Specification Configuration file loaded successfully
DEBUG   2018-09-07 14:53:55,458 [main] com.sarabjeet.task.InputFile  - Initiate Load Daily Transactions File.
DEBUG   2018-09-07 14:53:55,500 [main] com.sarabjeet.task.InputFile  - Daily Transactions File loaded successfully: 717 rows loaded
DEBUG   2018-09-07 14:53:55,501 [main] com.sarabjeet.task.Report  - Initiate Daily Summary Report generation.
DEBUG   2018-09-07 14:53:55,511 [main] com.sarabjeet.task.Report  - Calculated the distinct Client & Product Names of all transactions.
DEBUG   2018-09-07 14:53:55,518 [main] com.sarabjeet.task.Report  - Total amount found for Product |FUCME N1    20100910| and Client Name |CL  432100030001| is: 425080.0
DEBUG   2018-09-07 14:53:55,520 [main] com.sarabjeet.task.Report  - Total amount found for Product |FUCME N1    20100910| and Client Name |CL  432100030001| is: 185195.0
DEBUG   2018-09-07 14:53:55,529 [main] com.sarabjeet.task.Report  - Total amount found for Product |FUCME N1    20100910| and Client Name |CL  432100030001| is: 1481805.0
DEBUG   2018-09-07 14:53:55,535 [main] com.sarabjeet.task.Report  - Total amount found for Product |FUCME N1    20100910| and Client Name |CL  432100030001| is: 2744325.0
DEBUG   2018-09-07 14:53:55,537 [main] com.sarabjeet.task.Report  - Total amount found for Product |FUCME N1    20100910| and Client Name |CL  432100030001| is: 1794655.0
DEBUG   2018-09-07 14:53:55,537 [main] com.sarabjeet.task.Report  - Initiate dumping of report data onto a physical file
DEBUG   2018-09-07 14:53:55,667 [main] com.sarabjeet.task.Report  - Report name: SummaryReportOutput_07Sep2018.csv
